<?xml version="1.0" encoding="UTF-8"?>
<!-- Generated by org.testng.reporters.JUnitXMLReporter -->
<testsuite ignored="1" hostname="PBLAP761" failures="1" tests="1" name="Smoke_Test" time="2.357" errors="0" timestamp="2021-12-20T17:39:35 IST">
  <testcase classname="com.policybazaar.qa.testCases.PolicyBazaarQuotesPageTestCase" name="validateCloseBtn" time="2.278">
    <failure type="java.lang.NullPointerException" message="Cannot invoke &amp;quot;org.openqa.selenium.SearchContext.findElement(org.openqa.selenium.By)&amp;quot; because &amp;quot;this.searchContext&amp;quot; is null">
      <![CDATA[java.lang.NullPointerException: Cannot invoke "org.openqa.selenium.SearchContext.findElement(org.openqa.selenium.By)" because "this.searchContext" is null
at org.openqa.selenium.support.pagefactory.DefaultElementLocator.findElement(DefaultElementLocator.java:70)
at org.openqa.selenium.support.pagefactory.internal.LocatingElementHandler.invoke(LocatingElementHandler.java:39)
at jdk.proxy2/jdk.proxy2.$Proxy14.isDisplayed(Unknown Source)
at com.policybazaar.qa.webUtil.TestUtil.elementIsDisplayed(TestUtil.java:300)
at com.policybazaar.qa.webUtil.TestUtil.slowInput(TestUtil.java:108)
at com.policybazaar.qa.pages.PolicyBazaarPreQuotesPage.enterloginPageCredentials(PolicyBazaarPreQuotesPage.java:29)
at com.policybazaar.qa.testCases.PolicyBazaarQuotesPageTestCase.beforeCurrentTestScript(PolicyBazaarQuotesPageTestCase.java:23)
at com.policybazaar.qa.testCases.PolicyBazaarQuotesPageTestCase.validateCloseBtn(PolicyBazaarQuotesPageTestCase.java:31)
at java.base/java.util.ArrayList.forEach(ArrayList.java:1511)
... Removed 27 stack frames]]>
    </failure>
  </testcase> <!-- validateCloseBtn -->
  <testcase classname="com.policybazaar.qa.testCases.PolicyBazaarPreQuotesPageTestCase" name="verifyLoginPageWithCredentials" time="0.0">
    <ignored/>
  </testcase> <!-- verifyLoginPageWithCredentials -->
</testsuite> <!-- Smoke_Test -->
