<?xml version="1.0" encoding="UTF-8"?>
<!-- Generated by org.testng.reporters.JUnitXMLReporter -->
<testsuite ignored="1" hostname="PBLAP761" failures="10" tests="10" name="Smoke_Test" time="2.13" errors="0" timestamp="2021-12-21T09:25:43 IST">
  <testcase classname="com.policybazaar.qa.testCases.PolicyBazaarYourDetailPageTestCase" name="validateProductPageLogo" time="1.53">
    <failure type="java.lang.NullPointerException" message="Cannot invoke &amp;quot;org.openqa.selenium.SearchContext.findElement(org.openqa.selenium.By)&amp;quot; because &amp;quot;this.searchContext&amp;quot; is null">
      <![CDATA[java.lang.NullPointerException: Cannot invoke "org.openqa.selenium.SearchContext.findElement(org.openqa.selenium.By)" because "this.searchContext" is null
at org.openqa.selenium.support.pagefactory.DefaultElementLocator.findElement(DefaultElementLocator.java:70)
at org.openqa.selenium.support.pagefactory.internal.LocatingElementHandler.invoke(LocatingElementHandler.java:39)
at jdk.proxy2/jdk.proxy2.$Proxy14.isDisplayed(Unknown Source)
at com.policybazaar.qa.webUtil.TestUtil.elementIsDisplayed(TestUtil.java:300)
at com.policybazaar.qa.webUtil.TestUtil.slowInput(TestUtil.java:108)
at com.policybazaar.qa.pages.PolicyBazaarPreQuotesPage.enterloginPageCredentials(PolicyBazaarPreQuotesPage.java:29)
at com.policybazaar.qa.testCases.PolicyBazaarYourDetailPageTestCase.beforeCurrentTestScript(PolicyBazaarProductPageTestCase.java:22)
at com.policybazaar.qa.testCases.PolicyBazaarYourDetailPageTestCase.validateProductPageLogo(PolicyBazaarProductPageTestCase.java:30)
at java.base/java.util.ArrayList.forEach(ArrayList.java:1511)
... Removed 27 stack frames]]>
    </failure>
  </testcase> <!-- validateProductPageLogo -->
  <testcase classname="com.policybazaar.qa.testCases.PolicyBazaarYourDetailPageTestCase" name="validateLifeCoverValue" time="0.091">
    <failure type="java.lang.NullPointerException" message="Cannot invoke &amp;quot;org.openqa.selenium.SearchContext.findElement(org.openqa.selenium.By)&amp;quot; because &amp;quot;this.searchContext&amp;quot; is null">
      <![CDATA[java.lang.NullPointerException: Cannot invoke "org.openqa.selenium.SearchContext.findElement(org.openqa.selenium.By)" because "this.searchContext" is null
at org.openqa.selenium.support.pagefactory.DefaultElementLocator.findElement(DefaultElementLocator.java:70)
at org.openqa.selenium.support.pagefactory.internal.LocatingElementHandler.invoke(LocatingElementHandler.java:39)
at jdk.proxy2/jdk.proxy2.$Proxy14.isDisplayed(Unknown Source)
at com.policybazaar.qa.webUtil.TestUtil.elementIsDisplayed(TestUtil.java:300)
at com.policybazaar.qa.webUtil.TestUtil.slowInput(TestUtil.java:108)
at com.policybazaar.qa.pages.PolicyBazaarPreQuotesPage.enterloginPageCredentials(PolicyBazaarPreQuotesPage.java:29)
at com.policybazaar.qa.testCases.PolicyBazaarYourDetailPageTestCase.beforeCurrentTestScript(PolicyBazaarProductPageTestCase.java:22)
at com.policybazaar.qa.testCases.PolicyBazaarYourDetailPageTestCase.validateLifeCoverValue(PolicyBazaarProductPageTestCase.java:36)
at java.base/java.util.ArrayList.forEach(ArrayList.java:1511)
... Removed 27 stack frames]]>
    </failure>
  </testcase> <!-- validateLifeCoverValue -->
  <testcase classname="com.policybazaar.qa.testCases.PolicyBazaarYourDetailPageTestCase" name="validateCoverTillAge" time="0.062">
    <failure type="java.lang.NullPointerException" message="Cannot invoke &amp;quot;org.openqa.selenium.SearchContext.findElement(org.openqa.selenium.By)&amp;quot; because &amp;quot;this.searchContext&amp;quot; is null">
      <![CDATA[java.lang.NullPointerException: Cannot invoke "org.openqa.selenium.SearchContext.findElement(org.openqa.selenium.By)" because "this.searchContext" is null
at org.openqa.selenium.support.pagefactory.DefaultElementLocator.findElement(DefaultElementLocator.java:70)
at org.openqa.selenium.support.pagefactory.internal.LocatingElementHandler.invoke(LocatingElementHandler.java:39)
at jdk.proxy2/jdk.proxy2.$Proxy14.isDisplayed(Unknown Source)
at com.policybazaar.qa.webUtil.TestUtil.elementIsDisplayed(TestUtil.java:300)
at com.policybazaar.qa.webUtil.TestUtil.slowInput(TestUtil.java:108)
at com.policybazaar.qa.pages.PolicyBazaarPreQuotesPage.enterloginPageCredentials(PolicyBazaarPreQuotesPage.java:29)
at com.policybazaar.qa.testCases.PolicyBazaarYourDetailPageTestCase.beforeCurrentTestScript(PolicyBazaarProductPageTestCase.java:22)
at com.policybazaar.qa.testCases.PolicyBazaarYourDetailPageTestCase.validateCoverTillAge(PolicyBazaarProductPageTestCase.java:46)
at java.base/java.util.ArrayList.forEach(ArrayList.java:1511)
... Removed 27 stack frames]]>
    </failure>
  </testcase> <!-- validateCoverTillAge -->
  <testcase classname="com.policybazaar.qa.testCases.PolicyBazaarYourDetailPageTestCase" name="vaidatePayForAge" time="0.048">
    <failure type="java.lang.NullPointerException" message="Cannot invoke &amp;quot;org.openqa.selenium.SearchContext.findElement(org.openqa.selenium.By)&amp;quot; because &amp;quot;this.searchContext&amp;quot; is null">
      <![CDATA[java.lang.NullPointerException: Cannot invoke "org.openqa.selenium.SearchContext.findElement(org.openqa.selenium.By)" because "this.searchContext" is null
at org.openqa.selenium.support.pagefactory.DefaultElementLocator.findElement(DefaultElementLocator.java:70)
at org.openqa.selenium.support.pagefactory.internal.LocatingElementHandler.invoke(LocatingElementHandler.java:39)
at jdk.proxy2/jdk.proxy2.$Proxy14.isDisplayed(Unknown Source)
at com.policybazaar.qa.webUtil.TestUtil.elementIsDisplayed(TestUtil.java:300)
at com.policybazaar.qa.webUtil.TestUtil.slowInput(TestUtil.java:108)
at com.policybazaar.qa.pages.PolicyBazaarPreQuotesPage.enterloginPageCredentials(PolicyBazaarPreQuotesPage.java:29)
at com.policybazaar.qa.testCases.PolicyBazaarYourDetailPageTestCase.beforeCurrentTestScript(PolicyBazaarProductPageTestCase.java:22)
at com.policybazaar.qa.testCases.PolicyBazaarYourDetailPageTestCase.vaidatePayForAge(PolicyBazaarProductPageTestCase.java:53)
at java.base/java.util.ArrayList.forEach(ArrayList.java:1511)
... Removed 27 stack frames]]>
    </failure>
  </testcase> <!-- vaidatePayForAge -->
  <testcase classname="com.policybazaar.qa.testCases.PolicyBazaarYourDetailPageTestCase" name="validateModeOfPremium" time="0.051">
    <failure type="java.lang.NullPointerException" message="Cannot invoke &amp;quot;org.openqa.selenium.SearchContext.findElement(org.openqa.selenium.By)&amp;quot; because &amp;quot;this.searchContext&amp;quot; is null">
      <![CDATA[java.lang.NullPointerException: Cannot invoke "org.openqa.selenium.SearchContext.findElement(org.openqa.selenium.By)" because "this.searchContext" is null
at org.openqa.selenium.support.pagefactory.DefaultElementLocator.findElement(DefaultElementLocator.java:70)
at org.openqa.selenium.support.pagefactory.internal.LocatingElementHandler.invoke(LocatingElementHandler.java:39)
at jdk.proxy2/jdk.proxy2.$Proxy14.isDisplayed(Unknown Source)
at com.policybazaar.qa.webUtil.TestUtil.elementIsDisplayed(TestUtil.java:300)
at com.policybazaar.qa.webUtil.TestUtil.slowInput(TestUtil.java:108)
at com.policybazaar.qa.pages.PolicyBazaarPreQuotesPage.enterloginPageCredentials(PolicyBazaarPreQuotesPage.java:29)
at com.policybazaar.qa.testCases.PolicyBazaarYourDetailPageTestCase.beforeCurrentTestScript(PolicyBazaarProductPageTestCase.java:22)
at com.policybazaar.qa.testCases.PolicyBazaarYourDetailPageTestCase.validateModeOfPremium(PolicyBazaarProductPageTestCase.java:60)
at java.base/java.util.ArrayList.forEach(ArrayList.java:1511)
... Removed 27 stack frames]]>
    </failure>
  </testcase> <!-- validateModeOfPremium -->
  <testcase classname="com.policybazaar.qa.testCases.PolicyBazaarYourDetailPageTestCase" name="validateFUllName" time="0.037">
    <failure type="java.lang.NullPointerException" message="Cannot invoke &amp;quot;org.openqa.selenium.SearchContext.findElement(org.openqa.selenium.By)&amp;quot; because &amp;quot;this.searchContext&amp;quot; is null">
      <![CDATA[java.lang.NullPointerException: Cannot invoke "org.openqa.selenium.SearchContext.findElement(org.openqa.selenium.By)" because "this.searchContext" is null
at org.openqa.selenium.support.pagefactory.DefaultElementLocator.findElement(DefaultElementLocator.java:70)
at org.openqa.selenium.support.pagefactory.internal.LocatingElementHandler.invoke(LocatingElementHandler.java:39)
at jdk.proxy2/jdk.proxy2.$Proxy14.isDisplayed(Unknown Source)
at com.policybazaar.qa.webUtil.TestUtil.elementIsDisplayed(TestUtil.java:300)
at com.policybazaar.qa.webUtil.TestUtil.slowInput(TestUtil.java:108)
at com.policybazaar.qa.pages.PolicyBazaarPreQuotesPage.enterloginPageCredentials(PolicyBazaarPreQuotesPage.java:29)
at com.policybazaar.qa.testCases.PolicyBazaarYourDetailPageTestCase.beforeCurrentTestScript(PolicyBazaarProductPageTestCase.java:22)
at com.policybazaar.qa.testCases.PolicyBazaarYourDetailPageTestCase.validateFUllName(PolicyBazaarProductPageTestCase.java:67)
at java.base/java.util.ArrayList.forEach(ArrayList.java:1511)
... Removed 27 stack frames]]>
    </failure>
  </testcase> <!-- validateFUllName -->
  <testcase classname="com.policybazaar.qa.testCases.PolicyBazaarYourDetailPageTestCase" name="validateEmail" time="0.036">
    <failure type="java.lang.NullPointerException" message="Cannot invoke &amp;quot;org.openqa.selenium.SearchContext.findElement(org.openqa.selenium.By)&amp;quot; because &amp;quot;this.searchContext&amp;quot; is null">
      <![CDATA[java.lang.NullPointerException: Cannot invoke "org.openqa.selenium.SearchContext.findElement(org.openqa.selenium.By)" because "this.searchContext" is null
at org.openqa.selenium.support.pagefactory.DefaultElementLocator.findElement(DefaultElementLocator.java:70)
at org.openqa.selenium.support.pagefactory.internal.LocatingElementHandler.invoke(LocatingElementHandler.java:39)
at jdk.proxy2/jdk.proxy2.$Proxy14.isDisplayed(Unknown Source)
at com.policybazaar.qa.webUtil.TestUtil.elementIsDisplayed(TestUtil.java:300)
at com.policybazaar.qa.webUtil.TestUtil.slowInput(TestUtil.java:108)
at com.policybazaar.qa.pages.PolicyBazaarPreQuotesPage.enterloginPageCredentials(PolicyBazaarPreQuotesPage.java:29)
at com.policybazaar.qa.testCases.PolicyBazaarYourDetailPageTestCase.beforeCurrentTestScript(PolicyBazaarProductPageTestCase.java:22)
at com.policybazaar.qa.testCases.PolicyBazaarYourDetailPageTestCase.validateEmail(PolicyBazaarProductPageTestCase.java:75)
at java.base/java.util.ArrayList.forEach(ArrayList.java:1511)
... Removed 27 stack frames]]>
    </failure>
  </testcase> <!-- validateEmail -->
  <testcase classname="com.policybazaar.qa.testCases.PolicyBazaarYourDetailPageTestCase" name="validateAnnualIncome" time="0.037">
    <failure type="java.lang.NullPointerException" message="Cannot invoke &amp;quot;org.openqa.selenium.SearchContext.findElement(org.openqa.selenium.By)&amp;quot; because &amp;quot;this.searchContext&amp;quot; is null">
      <![CDATA[java.lang.NullPointerException: Cannot invoke "org.openqa.selenium.SearchContext.findElement(org.openqa.selenium.By)" because "this.searchContext" is null
at org.openqa.selenium.support.pagefactory.DefaultElementLocator.findElement(DefaultElementLocator.java:70)
at org.openqa.selenium.support.pagefactory.internal.LocatingElementHandler.invoke(LocatingElementHandler.java:39)
at jdk.proxy2/jdk.proxy2.$Proxy14.isDisplayed(Unknown Source)
at com.policybazaar.qa.webUtil.TestUtil.elementIsDisplayed(TestUtil.java:300)
at com.policybazaar.qa.webUtil.TestUtil.slowInput(TestUtil.java:108)
at com.policybazaar.qa.pages.PolicyBazaarPreQuotesPage.enterloginPageCredentials(PolicyBazaarPreQuotesPage.java:29)
at com.policybazaar.qa.testCases.PolicyBazaarYourDetailPageTestCase.beforeCurrentTestScript(PolicyBazaarProductPageTestCase.java:22)
at com.policybazaar.qa.testCases.PolicyBazaarYourDetailPageTestCase.validateAnnualIncome(PolicyBazaarProductPageTestCase.java:82)
at java.base/java.util.ArrayList.forEach(ArrayList.java:1511)
... Removed 27 stack frames]]>
    </failure>
  </testcase> <!-- validateAnnualIncome -->
  <testcase classname="com.policybazaar.qa.testCases.PolicyBazaarYourDetailPageTestCase" name="validateOccupation" time="0.031">
    <failure type="java.lang.NullPointerException" message="Cannot invoke &amp;quot;org.openqa.selenium.SearchContext.findElement(org.openqa.selenium.By)&amp;quot; because &amp;quot;this.searchContext&amp;quot; is null">
      <![CDATA[java.lang.NullPointerException: Cannot invoke "org.openqa.selenium.SearchContext.findElement(org.openqa.selenium.By)" because "this.searchContext" is null
at org.openqa.selenium.support.pagefactory.DefaultElementLocator.findElement(DefaultElementLocator.java:70)
at org.openqa.selenium.support.pagefactory.internal.LocatingElementHandler.invoke(LocatingElementHandler.java:39)
at jdk.proxy2/jdk.proxy2.$Proxy14.isDisplayed(Unknown Source)
at com.policybazaar.qa.webUtil.TestUtil.elementIsDisplayed(TestUtil.java:300)
at com.policybazaar.qa.webUtil.TestUtil.slowInput(TestUtil.java:108)
at com.policybazaar.qa.pages.PolicyBazaarPreQuotesPage.enterloginPageCredentials(PolicyBazaarPreQuotesPage.java:29)
at com.policybazaar.qa.testCases.PolicyBazaarYourDetailPageTestCase.beforeCurrentTestScript(PolicyBazaarProductPageTestCase.java:22)
at com.policybazaar.qa.testCases.PolicyBazaarYourDetailPageTestCase.validateOccupation(PolicyBazaarProductPageTestCase.java:90)
at java.base/java.util.ArrayList.forEach(ArrayList.java:1511)
... Removed 27 stack frames]]>
    </failure>
  </testcase> <!-- validateOccupation -->
  <testcase classname="com.policybazaar.qa.testCases.PolicyBazaarYourDetailPageTestCase" name="validateEduation" time="0.058">
    <failure type="java.lang.NullPointerException" message="Cannot invoke &amp;quot;org.openqa.selenium.SearchContext.findElement(org.openqa.selenium.By)&amp;quot; because &amp;quot;this.searchContext&amp;quot; is null">
      <![CDATA[java.lang.NullPointerException: Cannot invoke "org.openqa.selenium.SearchContext.findElement(org.openqa.selenium.By)" because "this.searchContext" is null
at org.openqa.selenium.support.pagefactory.DefaultElementLocator.findElement(DefaultElementLocator.java:70)
at org.openqa.selenium.support.pagefactory.internal.LocatingElementHandler.invoke(LocatingElementHandler.java:39)
at jdk.proxy2/jdk.proxy2.$Proxy14.isDisplayed(Unknown Source)
at com.policybazaar.qa.webUtil.TestUtil.elementIsDisplayed(TestUtil.java:300)
at com.policybazaar.qa.webUtil.TestUtil.slowInput(TestUtil.java:108)
at com.policybazaar.qa.pages.PolicyBazaarPreQuotesPage.enterloginPageCredentials(PolicyBazaarPreQuotesPage.java:29)
at com.policybazaar.qa.testCases.PolicyBazaarYourDetailPageTestCase.beforeCurrentTestScript(PolicyBazaarProductPageTestCase.java:22)
at com.policybazaar.qa.testCases.PolicyBazaarYourDetailPageTestCase.validateEduation(PolicyBazaarProductPageTestCase.java:97)
at java.base/java.util.ArrayList.forEach(ArrayList.java:1511)
... Removed 27 stack frames]]>
    </failure>
  </testcase> <!-- validateEduation -->
  <testcase classname="com.policybazaar.qa.testCases.PolicyBazaarYourDetailPageTestCase" name="validateProductPage" time="0.0">
    <ignored/>
  </testcase> <!-- validateProductPage -->
</testsuite> <!-- Smoke_Test -->
