<html>
<head>
<title>TestNG:  Smoke_TestCases</title>
<link href="../testng.css" rel="stylesheet" type="text/css" />
<link href="../my-testng.css" rel="stylesheet" type="text/css" />

<style type="text/css">
.log { display: none;} 
.stack-trace { display: none;} 
</style>
<script type="text/javascript">
<!--
function flip(e) {
  current = e.style.display;
  if (current == 'block') {
    e.style.display = 'none';
    return 0;
  }
  else {
    e.style.display = 'block';
    return 1;
  }
}

function toggleBox(szDivId, elem, msg1, msg2)
{
  var res = -1;  if (document.getElementById) {
    res = flip(document.getElementById(szDivId));
  }
  else if (document.all) {
    // this is the way old msie versions work
    res = flip(document.all[szDivId]);
  }
  if(elem) {
    if(res == 0) elem.innerHTML = msg1; else elem.innerHTML = msg2;
  }

}

function toggleAllBoxes() {
  if (document.getElementsByTagName) {
    d = document.getElementsByTagName('div');
    for (i = 0; i < d.length; i++) {
      if (d[i].className == 'log') {
        flip(d[i]);
      }
    }
  }
}

// -->
</script>

</head>
<body>
<h2 align='center'>Smoke_TestCases</h2><table border='1' align="center">
<tr>
<td>Tests passed/Failed/Skipped:</td><td>14/3/0</td>
</tr><tr>
<td>Started on:</td><td>Mon Jan 10 09:50:07 IST 2022</td>
</tr>
<tr><td>Total time:</td><td>2310 seconds (2310279 ms)</td>
</tr><tr>
<td>Included groups:</td><td>smoke </td>
</tr><tr>
<td>Excluded groups:</td><td></td>
</tr>
</table><p/>
<small><i>(Hover the method name to see the test class name)</i></small><p/>
<table width='100%' border='1' class='invocation-failed'>
<tr><td colspan='4' align='center'><b>FAILED TESTS</b></td></tr>
<tr><td><b>Test method</b></td>
<td width="30%"><b>Exception</b></td>
<td width="10%"><b>Time (seconds)</b></td>
<td><b>Instance</b></td>
</tr>
<tr>
<td title='com.policybazaar.qa.testCases.PolicyBazaarYourDetailPageTestCase.validateModeOfPremium()'><b>validateModeOfPremium</b><br>Test class: com.policybazaar.qa.testCases.PolicyBazaarYourDetailPageTestCase</td>
<td><div><pre>org.openqa.selenium.NoSuchElementException: no such element: Unable to locate element: {&quot;method&quot;:&quot;xpath&quot;,&quot;selector&quot;:&quot;//select[@name=&apos;tobacco&apos;]&quot;}
  (Session info: chrome=96.0.4664.110)
For documentation on this error, please visit: https://selenium.dev/exceptions/#no_such_element
Build info: version: &apos;4.0.0&apos;, revision: &apos;3a21814679&apos;
System info: host: &apos;PBLAP761&apos;, ip: &apos;192.168.43.12&apos;, os.name: &apos;Windows 10&apos;, os.arch: &apos;amd64&apos;, os.version: &apos;10.0&apos;, java.version: &apos;17&apos;
Driver info: org.openqa.selenium.chrome.ChromeDriver
Command: [2f0f299856378e21d462af1b78947234, findElement {using=xpath, value=//select[@name=&apos;tobacco&apos;]}]
Capabilities {acceptInsecureCerts: false, browserName: chrome, browserVersion: 96.0.4664.110, chrome: {chromedriverVersion: 96.0.4664.45 (76e4c1bb2ab46..., userDataDir: C:\Users\VIKASS~1\AppData\L...}, goog:chromeOptions: {debuggerAddress: localhost:53723}, javascriptEnabled: true, networkConnectionEnabled: false, pageLoadStrategy: normal, platform: WINDOWS, platformName: WINDOWS, proxy: Proxy(), se:cdp: ws://localhost:53723/devtoo..., se:cdpVersion: 96.0.4664.110, setWindowRect: true, strictFileInteractability: false, timeouts: {implicit: 0, pageLoad: 300000, script: 30000}, unhandledPromptBehavior: dismiss and notify, webauthn:extension:credBlob: true, webauthn:extension:largeBlob: true, webauthn:virtualAuthenticators: true}
Session ID: 2f0f299856378e21d462af1b78947234
	at org.openqa.selenium.remote.codec.w3c.W3CHttpResponseCodec.createException(W3CHttpResponseCodec.java:200)
	at org.openqa.selenium.remote.codec.w3c.W3CHttpResponseCodec.decode(W3CHttpResponseCodec.java:133)
	at org.openqa.selenium.remote.codec.w3c.W3CHttpResponseCodec.decode(W3CHttpResponseCodec.java:53)
	at org.openqa.selenium.remote.HttpCommandExecutor.execute(HttpCommandExecutor.java:184)
	at org.openqa.selenium.remote.service.DriverCommandExecutor.invokeExecute(DriverCommandExecutor.java:164)
	at org.openqa.selenium.remote.service.DriverCommandExecutor.execute(DriverCommandExecutor.java:139)
	at org.openqa.selenium.remote.RemoteWebDriver.execute(RemoteWebDriver.java:559)
	at org.openqa.selenium.remote.ElementLocation$ElementFinder$2.findElement(ElementLocation.java:162)
	at org.openqa.selenium.remote.ElementLocation.findElement(ElementLocation.java:60)
	at org.openqa.selenium.remote.RemoteWebDriver.findElement(RemoteWebDriver.java:383)
	at org.openqa.selenium.remote.RemoteWebDriver.findElement(RemoteWebDriver.java:375)
	at org.openqa.selenium.support.pagefactory.DefaultElementLocator.findElement(DefaultElementLocator.java:70)
	at org.openqa.selenium.support.pagefactory.internal.LocatingElementHandler.invoke(LocatingElementHandler.java:39)
	at jdk.proxy2/jdk.proxy2.$Proxy18.isDisplayed(Unknown Source)
	at com.policybazaar.qa.webUtil.TestUtil.elementIsDisplayed(TestUtil.java:304)
	at com.policybazaar.qa.webUtil.TestUtil.clickOnElement(TestUtil.java:91)
	at com.policybazaar.qa.pages.PolicyBazaarQuotesPage.closeWelcomePopUp(PolicyBazaarQuotesPage.java:17)
	at com.policybazaar.qa.pages.PolicyBazaarQuotesPage.startJourneyInSBIProduct(PolicyBazaarQuotesPage.java:25)
	at com.policybazaar.qa.testCases.PolicyBazaarYourDetailPageTestCase.beforeCurrentTestScript(PolicyBazaarYourDetailPageTestCase.java:25)
	at com.policybazaar.qa.testCases.PolicyBazaarYourDetailPageTestCase.validateModeOfPremium(PolicyBazaarYourDetailPageTestCase.java:67)
	at java.base/java.util.ArrayList.forEach(ArrayList.java:1511)
... Removed 32 stack frames</pre></div><a href='#' onClick='toggleBox("stack-trace871550850", this, "Click to show all stack frames", "Click to hide stack frames")'>Click to show all stack frames</a>
<div class='stack-trace' id='stack-trace871550850'><pre>org.openqa.selenium.NoSuchElementException: no such element: Unable to locate element: {&quot;method&quot;:&quot;xpath&quot;,&quot;selector&quot;:&quot;//select[@name=&apos;tobacco&apos;]&quot;}
  (Session info: chrome=96.0.4664.110)
For documentation on this error, please visit: https://selenium.dev/exceptions/#no_such_element
Build info: version: &apos;4.0.0&apos;, revision: &apos;3a21814679&apos;
System info: host: &apos;PBLAP761&apos;, ip: &apos;192.168.43.12&apos;, os.name: &apos;Windows 10&apos;, os.arch: &apos;amd64&apos;, os.version: &apos;10.0&apos;, java.version: &apos;17&apos;
Driver info: org.openqa.selenium.chrome.ChromeDriver
Command: [2f0f299856378e21d462af1b78947234, findElement {using=xpath, value=//select[@name=&apos;tobacco&apos;]}]
Capabilities {acceptInsecureCerts: false, browserName: chrome, browserVersion: 96.0.4664.110, chrome: {chromedriverVersion: 96.0.4664.45 (76e4c1bb2ab46..., userDataDir: C:\Users\VIKASS~1\AppData\L...}, goog:chromeOptions: {debuggerAddress: localhost:53723}, javascriptEnabled: true, networkConnectionEnabled: false, pageLoadStrategy: normal, platform: WINDOWS, platformName: WINDOWS, proxy: Proxy(), se:cdp: ws://localhost:53723/devtoo..., se:cdpVersion: 96.0.4664.110, setWindowRect: true, strictFileInteractability: false, timeouts: {implicit: 0, pageLoad: 300000, script: 30000}, unhandledPromptBehavior: dismiss and notify, webauthn:extension:credBlob: true, webauthn:extension:largeBlob: true, webauthn:virtualAuthenticators: true}
Session ID: 2f0f299856378e21d462af1b78947234
	at java.base/jdk.internal.reflect.NativeConstructorAccessorImpl.newInstance0(Native Method)
	at java.base/jdk.internal.reflect.NativeConstructorAccessorImpl.newInstance(NativeConstructorAccessorImpl.java:77)
	at java.base/jdk.internal.reflect.DelegatingConstructorAccessorImpl.newInstance(DelegatingConstructorAccessorImpl.java:45)
	at java.base/java.lang.reflect.Constructor.newInstanceWithCaller(Constructor.java:499)
	at java.base/java.lang.reflect.Constructor.newInstance(Constructor.java:480)
	at org.openqa.selenium.remote.codec.w3c.W3CHttpResponseCodec.createException(W3CHttpResponseCodec.java:200)
	at org.openqa.selenium.remote.codec.w3c.W3CHttpResponseCodec.decode(W3CHttpResponseCodec.java:133)
	at org.openqa.selenium.remote.codec.w3c.W3CHttpResponseCodec.decode(W3CHttpResponseCodec.java:53)
	at org.openqa.selenium.remote.HttpCommandExecutor.execute(HttpCommandExecutor.java:184)
	at org.openqa.selenium.remote.service.DriverCommandExecutor.invokeExecute(DriverCommandExecutor.java:164)
	at org.openqa.selenium.remote.service.DriverCommandExecutor.execute(DriverCommandExecutor.java:139)
	at org.openqa.selenium.remote.RemoteWebDriver.execute(RemoteWebDriver.java:559)
	at org.openqa.selenium.remote.ElementLocation$ElementFinder$2.findElement(ElementLocation.java:162)
	at org.openqa.selenium.remote.ElementLocation.findElement(ElementLocation.java:60)
	at org.openqa.selenium.remote.RemoteWebDriver.findElement(RemoteWebDriver.java:383)
	at org.openqa.selenium.remote.RemoteWebDriver.findElement(RemoteWebDriver.java:375)
	at org.openqa.selenium.support.pagefactory.DefaultElementLocator.findElement(DefaultElementLocator.java:70)
	at org.openqa.selenium.support.pagefactory.internal.LocatingElementHandler.invoke(LocatingElementHandler.java:39)
	at jdk.proxy2/jdk.proxy2.$Proxy18.isDisplayed(Unknown Source)
	at com.policybazaar.qa.webUtil.TestUtil.elementIsDisplayed(TestUtil.java:304)
	at com.policybazaar.qa.webUtil.TestUtil.clickOnElement(TestUtil.java:91)
	at com.policybazaar.qa.pages.PolicyBazaarQuotesPage.closeWelcomePopUp(PolicyBazaarQuotesPage.java:17)
	at com.policybazaar.qa.pages.PolicyBazaarQuotesPage.startJourneyInSBIProduct(PolicyBazaarQuotesPage.java:25)
	at com.policybazaar.qa.testCases.PolicyBazaarYourDetailPageTestCase.beforeCurrentTestScript(PolicyBazaarYourDetailPageTestCase.java:25)
	at com.policybazaar.qa.testCases.PolicyBazaarYourDetailPageTestCase.validateModeOfPremium(PolicyBazaarYourDetailPageTestCase.java:67)
	at java.base/jdk.internal.reflect.NativeMethodAccessorImpl.invoke0(Native Method)
	at java.base/jdk.internal.reflect.NativeMethodAccessorImpl.invoke(NativeMethodAccessorImpl.java:77)
	at java.base/jdk.internal.reflect.DelegatingMethodAccessorImpl.invoke(DelegatingMethodAccessorImpl.java:43)
	at java.base/java.lang.reflect.Method.invoke(Method.java:568)
	at org.testng.internal.MethodInvocationHelper.invokeMethod(MethodInvocationHelper.java:133)
	at org.testng.internal.TestInvoker.invokeMethod(TestInvoker.java:598)
	at org.testng.internal.TestInvoker.invokeTestMethod(TestInvoker.java:173)
	at org.testng.internal.MethodRunner.runInSequence(MethodRunner.java:46)
	at org.testng.internal.TestInvoker$MethodInvocationAgent.invoke(TestInvoker.java:824)
	at org.testng.internal.TestInvoker.invokeTestMethods(TestInvoker.java:146)
	at org.testng.internal.TestMethodWorker.invokeTestMethods(TestMethodWorker.java:146)
	at org.testng.internal.TestMethodWorker.run(TestMethodWorker.java:128)
	at java.base/java.util.ArrayList.forEach(ArrayList.java:1511)
	at org.testng.TestRunner.privateRun(TestRunner.java:794)
	at org.testng.TestRunner.run(TestRunner.java:596)
	at org.testng.SuiteRunner.runTest(SuiteRunner.java:377)
	at org.testng.SuiteRunner.runSequentially(SuiteRunner.java:371)
	at org.testng.SuiteRunner.privateRun(SuiteRunner.java:332)
	at org.testng.SuiteRunner.run(SuiteRunner.java:276)
	at org.testng.SuiteRunnerWorker.runSuite(SuiteRunnerWorker.java:53)
	at org.testng.SuiteRunnerWorker.run(SuiteRunnerWorker.java:96)
	at org.testng.TestNG.runSuitesSequentially(TestNG.java:1212)
	at org.testng.TestNG.runSuitesLocally(TestNG.java:1134)
	at org.testng.TestNG.runSuites(TestNG.java:1063)
	at org.testng.TestNG.run(TestNG.java:1031)
	at org.testng.remote.AbstractRemoteTestNG.run(AbstractRemoteTestNG.java:115)
	at org.testng.remote.RemoteTestNG.initAndRun(RemoteTestNG.java:251)
	at org.testng.remote.RemoteTestNG.main(RemoteTestNG.java:77)
</pre></div></td>
<td>141</td>
<td>com.policybazaar.qa.testCases.PolicyBazaarYourDetailPageTestCase@18f8cd79</td></tr>
<tr>
<td title='com.policybazaar.qa.testCases.PolicyBazaarUpgradePlanPageTestCase.validatePremiumWithWholeLife()'><b>validatePremiumWithWholeLife</b><br>Test class: com.policybazaar.qa.testCases.PolicyBazaarUpgradePlanPageTestCase</td>
<td><div><pre>java.lang.NullPointerException: Cannot invoke &quot;com.policybazaar.qa.pagescommon.PoicyBazaarCommonfunctionalityPage.getActualPremiumAmount()&quot; because &quot;this.pbCommonFuntPage&quot; is null
	at com.policybazaar.qa.testCases.PolicyBazaarUpgradePlanPageTestCase.validatePremiumWithWholeLife(PolicyBazaarUpgradePlanPageTestCase.java:89)
	at java.base/java.util.ArrayList.forEach(ArrayList.java:1511)
... Removed 27 stack frames</pre></div><a href='#' onClick='toggleBox("stack-trace430298897", this, "Click to show all stack frames", "Click to hide stack frames")'>Click to show all stack frames</a>
<div class='stack-trace' id='stack-trace430298897'><pre>java.lang.NullPointerException: Cannot invoke &quot;com.policybazaar.qa.pagescommon.PoicyBazaarCommonfunctionalityPage.getActualPremiumAmount()&quot; because &quot;this.pbCommonFuntPage&quot; is null
	at com.policybazaar.qa.testCases.PolicyBazaarUpgradePlanPageTestCase.validatePremiumWithWholeLife(PolicyBazaarUpgradePlanPageTestCase.java:89)
	at java.base/jdk.internal.reflect.NativeMethodAccessorImpl.invoke0(Native Method)
	at java.base/jdk.internal.reflect.NativeMethodAccessorImpl.invoke(NativeMethodAccessorImpl.java:77)
	at java.base/jdk.internal.reflect.DelegatingMethodAccessorImpl.invoke(DelegatingMethodAccessorImpl.java:43)
	at java.base/java.lang.reflect.Method.invoke(Method.java:568)
	at org.testng.internal.MethodInvocationHelper.invokeMethod(MethodInvocationHelper.java:133)
	at org.testng.internal.TestInvoker.invokeMethod(TestInvoker.java:598)
	at org.testng.internal.TestInvoker.invokeTestMethod(TestInvoker.java:173)
	at org.testng.internal.MethodRunner.runInSequence(MethodRunner.java:46)
	at org.testng.internal.TestInvoker$MethodInvocationAgent.invoke(TestInvoker.java:824)
	at org.testng.internal.TestInvoker.invokeTestMethods(TestInvoker.java:146)
	at org.testng.internal.TestMethodWorker.invokeTestMethods(TestMethodWorker.java:146)
	at org.testng.internal.TestMethodWorker.run(TestMethodWorker.java:128)
	at java.base/java.util.ArrayList.forEach(ArrayList.java:1511)
	at org.testng.TestRunner.privateRun(TestRunner.java:794)
	at org.testng.TestRunner.run(TestRunner.java:596)
	at org.testng.SuiteRunner.runTest(SuiteRunner.java:377)
	at org.testng.SuiteRunner.runSequentially(SuiteRunner.java:371)
	at org.testng.SuiteRunner.privateRun(SuiteRunner.java:332)
	at org.testng.SuiteRunner.run(SuiteRunner.java:276)
	at org.testng.SuiteRunnerWorker.runSuite(SuiteRunnerWorker.java:53)
	at org.testng.SuiteRunnerWorker.run(SuiteRunnerWorker.java:96)
	at org.testng.TestNG.runSuitesSequentially(TestNG.java:1212)
	at org.testng.TestNG.runSuitesLocally(TestNG.java:1134)
	at org.testng.TestNG.runSuites(TestNG.java:1063)
	at org.testng.TestNG.run(TestNG.java:1031)
	at org.testng.remote.AbstractRemoteTestNG.run(AbstractRemoteTestNG.java:115)
	at org.testng.remote.RemoteTestNG.initAndRun(RemoteTestNG.java:251)
	at org.testng.remote.RemoteTestNG.main(RemoteTestNG.java:77)
</pre></div></td>
<td>134</td>
<td>com.policybazaar.qa.testCases.PolicyBazaarUpgradePlanPageTestCase@50029372</td></tr>
<tr>
<td title='com.policybazaar.qa.testCases.PolicyBazaarYourDetailPageTestCase.validateLifeCoverValue()'><b>validateLifeCoverValue</b><br>Test class: com.policybazaar.qa.testCases.PolicyBazaarYourDetailPageTestCase</td>
<td><div><pre>org.openqa.selenium.NoSuchElementException: no such element: Unable to locate element: {&quot;method&quot;:&quot;xpath&quot;,&quot;selector&quot;:&quot;//select[@name=&apos;tobacco&apos;]&quot;}
  (Session info: chrome=96.0.4664.110)
For documentation on this error, please visit: https://selenium.dev/exceptions/#no_such_element
Build info: version: &apos;4.0.0&apos;, revision: &apos;3a21814679&apos;
System info: host: &apos;PBLAP761&apos;, ip: &apos;192.168.43.12&apos;, os.name: &apos;Windows 10&apos;, os.arch: &apos;amd64&apos;, os.version: &apos;10.0&apos;, java.version: &apos;17&apos;
Driver info: org.openqa.selenium.chrome.ChromeDriver
Command: [adaef42b3fee283b1148e5d511eb15df, findElement {using=xpath, value=//select[@name=&apos;tobacco&apos;]}]
Capabilities {acceptInsecureCerts: false, browserName: chrome, browserVersion: 96.0.4664.110, chrome: {chromedriverVersion: 96.0.4664.45 (76e4c1bb2ab46..., userDataDir: C:\Users\VIKASS~1\AppData\L...}, goog:chromeOptions: {debuggerAddress: localhost:52792}, javascriptEnabled: true, networkConnectionEnabled: false, pageLoadStrategy: normal, platform: WINDOWS, platformName: WINDOWS, proxy: Proxy(), se:cdp: ws://localhost:52792/devtoo..., se:cdpVersion: 96.0.4664.110, setWindowRect: true, strictFileInteractability: false, timeouts: {implicit: 0, pageLoad: 300000, script: 30000}, unhandledPromptBehavior: dismiss and notify, webauthn:extension:credBlob: true, webauthn:extension:largeBlob: true, webauthn:virtualAuthenticators: true}
Session ID: adaef42b3fee283b1148e5d511eb15df
	at org.openqa.selenium.remote.codec.w3c.W3CHttpResponseCodec.createException(W3CHttpResponseCodec.java:200)
	at org.openqa.selenium.remote.codec.w3c.W3CHttpResponseCodec.decode(W3CHttpResponseCodec.java:133)
	at org.openqa.selenium.remote.codec.w3c.W3CHttpResponseCodec.decode(W3CHttpResponseCodec.java:53)
	at org.openqa.selenium.remote.HttpCommandExecutor.execute(HttpCommandExecutor.java:184)
	at org.openqa.selenium.remote.service.DriverCommandExecutor.invokeExecute(DriverCommandExecutor.java:164)
	at org.openqa.selenium.remote.service.DriverCommandExecutor.execute(DriverCommandExecutor.java:139)
	at org.openqa.selenium.remote.RemoteWebDriver.execute(RemoteWebDriver.java:559)
	at org.openqa.selenium.remote.ElementLocation$ElementFinder$2.findElement(ElementLocation.java:162)
	at org.openqa.selenium.remote.ElementLocation.findElement(ElementLocation.java:60)
	at org.openqa.selenium.remote.RemoteWebDriver.findElement(RemoteWebDriver.java:383)
	at org.openqa.selenium.remote.RemoteWebDriver.findElement(RemoteWebDriver.java:375)
	at org.openqa.selenium.support.pagefactory.DefaultElementLocator.findElement(DefaultElementLocator.java:70)
	at org.openqa.selenium.support.pagefactory.internal.LocatingElementHandler.invoke(LocatingElementHandler.java:39)
	at jdk.proxy2/jdk.proxy2.$Proxy18.isDisplayed(Unknown Source)
	at com.policybazaar.qa.webUtil.TestUtil.elementIsDisplayed(TestUtil.java:304)
	at com.policybazaar.qa.webUtil.TestUtil.clickOnElement(TestUtil.java:91)
	at com.policybazaar.qa.pages.PolicyBazaarQuotesPage.closeWelcomePopUp(PolicyBazaarQuotesPage.java:17)
	at com.policybazaar.qa.pages.PolicyBazaarQuotesPage.startJourneyInSBIProduct(PolicyBazaarQuotesPage.java:25)
	at com.policybazaar.qa.testCases.PolicyBazaarYourDetailPageTestCase.beforeCurrentTestScript(PolicyBazaarYourDetailPageTestCase.java:25)
	at com.policybazaar.qa.testCases.PolicyBazaarYourDetailPageTestCase.validateLifeCoverValue(PolicyBazaarYourDetailPageTestCase.java:38)
	at java.base/java.util.ArrayList.forEach(ArrayList.java:1511)
... Removed 32 stack frames</pre></div><a href='#' onClick='toggleBox("stack-trace527556644", this, "Click to show all stack frames", "Click to hide stack frames")'>Click to show all stack frames</a>
<div class='stack-trace' id='stack-trace527556644'><pre>org.openqa.selenium.NoSuchElementException: no such element: Unable to locate element: {&quot;method&quot;:&quot;xpath&quot;,&quot;selector&quot;:&quot;//select[@name=&apos;tobacco&apos;]&quot;}
  (Session info: chrome=96.0.4664.110)
For documentation on this error, please visit: https://selenium.dev/exceptions/#no_such_element
Build info: version: &apos;4.0.0&apos;, revision: &apos;3a21814679&apos;
System info: host: &apos;PBLAP761&apos;, ip: &apos;192.168.43.12&apos;, os.name: &apos;Windows 10&apos;, os.arch: &apos;amd64&apos;, os.version: &apos;10.0&apos;, java.version: &apos;17&apos;
Driver info: org.openqa.selenium.chrome.ChromeDriver
Command: [adaef42b3fee283b1148e5d511eb15df, findElement {using=xpath, value=//select[@name=&apos;tobacco&apos;]}]
Capabilities {acceptInsecureCerts: false, browserName: chrome, browserVersion: 96.0.4664.110, chrome: {chromedriverVersion: 96.0.4664.45 (76e4c1bb2ab46..., userDataDir: C:\Users\VIKASS~1\AppData\L...}, goog:chromeOptions: {debuggerAddress: localhost:52792}, javascriptEnabled: true, networkConnectionEnabled: false, pageLoadStrategy: normal, platform: WINDOWS, platformName: WINDOWS, proxy: Proxy(), se:cdp: ws://localhost:52792/devtoo..., se:cdpVersion: 96.0.4664.110, setWindowRect: true, strictFileInteractability: false, timeouts: {implicit: 0, pageLoad: 300000, script: 30000}, unhandledPromptBehavior: dismiss and notify, webauthn:extension:credBlob: true, webauthn:extension:largeBlob: true, webauthn:virtualAuthenticators: true}
Session ID: adaef42b3fee283b1148e5d511eb15df
	at java.base/jdk.internal.reflect.NativeConstructorAccessorImpl.newInstance0(Native Method)
	at java.base/jdk.internal.reflect.NativeConstructorAccessorImpl.newInstance(NativeConstructorAccessorImpl.java:77)
	at java.base/jdk.internal.reflect.DelegatingConstructorAccessorImpl.newInstance(DelegatingConstructorAccessorImpl.java:45)
	at java.base/java.lang.reflect.Constructor.newInstanceWithCaller(Constructor.java:499)
	at java.base/java.lang.reflect.Constructor.newInstance(Constructor.java:480)
	at org.openqa.selenium.remote.codec.w3c.W3CHttpResponseCodec.createException(W3CHttpResponseCodec.java:200)
	at org.openqa.selenium.remote.codec.w3c.W3CHttpResponseCodec.decode(W3CHttpResponseCodec.java:133)
	at org.openqa.selenium.remote.codec.w3c.W3CHttpResponseCodec.decode(W3CHttpResponseCodec.java:53)
	at org.openqa.selenium.remote.HttpCommandExecutor.execute(HttpCommandExecutor.java:184)
	at org.openqa.selenium.remote.service.DriverCommandExecutor.invokeExecute(DriverCommandExecutor.java:164)
	at org.openqa.selenium.remote.service.DriverCommandExecutor.execute(DriverCommandExecutor.java:139)
	at org.openqa.selenium.remote.RemoteWebDriver.execute(RemoteWebDriver.java:559)
	at org.openqa.selenium.remote.ElementLocation$ElementFinder$2.findElement(ElementLocation.java:162)
	at org.openqa.selenium.remote.ElementLocation.findElement(ElementLocation.java:60)
	at org.openqa.selenium.remote.RemoteWebDriver.findElement(RemoteWebDriver.java:383)
	at org.openqa.selenium.remote.RemoteWebDriver.findElement(RemoteWebDriver.java:375)
	at org.openqa.selenium.support.pagefactory.DefaultElementLocator.findElement(DefaultElementLocator.java:70)
	at org.openqa.selenium.support.pagefactory.internal.LocatingElementHandler.invoke(LocatingElementHandler.java:39)
	at jdk.proxy2/jdk.proxy2.$Proxy18.isDisplayed(Unknown Source)
	at com.policybazaar.qa.webUtil.TestUtil.elementIsDisplayed(TestUtil.java:304)
	at com.policybazaar.qa.webUtil.TestUtil.clickOnElement(TestUtil.java:91)
	at com.policybazaar.qa.pages.PolicyBazaarQuotesPage.closeWelcomePopUp(PolicyBazaarQuotesPage.java:17)
	at com.policybazaar.qa.pages.PolicyBazaarQuotesPage.startJourneyInSBIProduct(PolicyBazaarQuotesPage.java:25)
	at com.policybazaar.qa.testCases.PolicyBazaarYourDetailPageTestCase.beforeCurrentTestScript(PolicyBazaarYourDetailPageTestCase.java:25)
	at com.policybazaar.qa.testCases.PolicyBazaarYourDetailPageTestCase.validateLifeCoverValue(PolicyBazaarYourDetailPageTestCase.java:38)
	at java.base/jdk.internal.reflect.NativeMethodAccessorImpl.invoke0(Native Method)
	at java.base/jdk.internal.reflect.NativeMethodAccessorImpl.invoke(NativeMethodAccessorImpl.java:77)
	at java.base/jdk.internal.reflect.DelegatingMethodAccessorImpl.invoke(DelegatingMethodAccessorImpl.java:43)
	at java.base/java.lang.reflect.Method.invoke(Method.java:568)
	at org.testng.internal.MethodInvocationHelper.invokeMethod(MethodInvocationHelper.java:133)
	at org.testng.internal.TestInvoker.invokeMethod(TestInvoker.java:598)
	at org.testng.internal.TestInvoker.invokeTestMethod(TestInvoker.java:173)
	at org.testng.internal.MethodRunner.runInSequence(MethodRunner.java:46)
	at org.testng.internal.TestInvoker$MethodInvocationAgent.invoke(TestInvoker.java:824)
	at org.testng.internal.TestInvoker.invokeTestMethods(TestInvoker.java:146)
	at org.testng.internal.TestMethodWorker.invokeTestMethods(TestMethodWorker.java:146)
	at org.testng.internal.TestMethodWorker.run(TestMethodWorker.java:128)
	at java.base/java.util.ArrayList.forEach(ArrayList.java:1511)
	at org.testng.TestRunner.privateRun(TestRunner.java:794)
	at org.testng.TestRunner.run(TestRunner.java:596)
	at org.testng.SuiteRunner.runTest(SuiteRunner.java:377)
	at org.testng.SuiteRunner.runSequentially(SuiteRunner.java:371)
	at org.testng.SuiteRunner.privateRun(SuiteRunner.java:332)
	at org.testng.SuiteRunner.run(SuiteRunner.java:276)
	at org.testng.SuiteRunnerWorker.runSuite(SuiteRunnerWorker.java:53)
	at org.testng.SuiteRunnerWorker.run(SuiteRunnerWorker.java:96)
	at org.testng.TestNG.runSuitesSequentially(TestNG.java:1212)
	at org.testng.TestNG.runSuitesLocally(TestNG.java:1134)
	at org.testng.TestNG.runSuites(TestNG.java:1063)
	at org.testng.TestNG.run(TestNG.java:1031)
	at org.testng.remote.AbstractRemoteTestNG.run(AbstractRemoteTestNG.java:115)
	at org.testng.remote.RemoteTestNG.initAndRun(RemoteTestNG.java:251)
	at org.testng.remote.RemoteTestNG.main(RemoteTestNG.java:77)
</pre></div></td>
<td>172</td>
<td>com.policybazaar.qa.testCases.PolicyBazaarYourDetailPageTestCase@18f8cd79</td></tr>
</table><p>
<table width='100%' border='1' class='invocation-passed'>
<tr><td colspan='4' align='center'><b>PASSED TESTS</b></td></tr>
<tr><td><b>Test method</b></td>
<td width="30%"><b>Exception</b></td>
<td width="10%"><b>Time (seconds)</b></td>
<td><b>Instance</b></td>
</tr>
<tr>
<td title='com.policybazaar.qa.testCases.PolicyBazaarYourDetailPageTestCase.vaidatePayForAge()'><b>vaidatePayForAge</b><br>Test class: com.policybazaar.qa.testCases.PolicyBazaarYourDetailPageTestCase</td>
<td></td>
<td>100</td>
<td>com.policybazaar.qa.testCases.PolicyBazaarYourDetailPageTestCase@18f8cd79</td></tr>
<tr>
<td title='com.policybazaar.qa.testCases.PolicyBazaarYourDetailPageTestCase.validateProductPageLogo()'><b>validateProductPageLogo</b><br>Test class: com.policybazaar.qa.testCases.PolicyBazaarYourDetailPageTestCase</td>
<td></td>
<td>164</td>
<td>com.policybazaar.qa.testCases.PolicyBazaarYourDetailPageTestCase@18f8cd79</td></tr>
<tr>
<td title='com.policybazaar.qa.testCases.PolicyBazaarYourDetailPageTestCase.validateEmail()'><b>validateEmail</b><br>Test class: com.policybazaar.qa.testCases.PolicyBazaarYourDetailPageTestCase</td>
<td></td>
<td>118</td>
<td>com.policybazaar.qa.testCases.PolicyBazaarYourDetailPageTestCase@18f8cd79</td></tr>
<tr>
<td title='com.policybazaar.qa.testCases.PolicyBazaarUpgradePlanPageTestCase.validateCoverTillAgeWithWholeLife()'><b>validateCoverTillAgeWithWholeLife</b><br>Test class: com.policybazaar.qa.testCases.PolicyBazaarUpgradePlanPageTestCase</td>
<td></td>
<td>132</td>
<td>com.policybazaar.qa.testCases.PolicyBazaarUpgradePlanPageTestCase@50029372</td></tr>
<tr>
<td title='com.policybazaar.qa.testCases.PolicyBazaarUpgradePlanPageTestCase.validateSaveMoneyOption()'><b>validateSaveMoneyOption</b><br>Test class: com.policybazaar.qa.testCases.PolicyBazaarUpgradePlanPageTestCase</td>
<td></td>
<td>130</td>
<td>com.policybazaar.qa.testCases.PolicyBazaarUpgradePlanPageTestCase@50029372</td></tr>
<tr>
<td title='com.policybazaar.qa.testCases.PolicyBazaarYourDetailPageTestCase.validateFUllName()'><b>validateFUllName</b><br>Test class: com.policybazaar.qa.testCases.PolicyBazaarYourDetailPageTestCase</td>
<td></td>
<td>94</td>
<td>com.policybazaar.qa.testCases.PolicyBazaarYourDetailPageTestCase@18f8cd79</td></tr>
<tr>
<td title='com.policybazaar.qa.testCases.PolicyBazaarYourDetailPageTestCase.validateAnnualIncome()'><b>validateAnnualIncome</b><br>Test class: com.policybazaar.qa.testCases.PolicyBazaarYourDetailPageTestCase</td>
<td></td>
<td>83</td>
<td>com.policybazaar.qa.testCases.PolicyBazaarYourDetailPageTestCase@18f8cd79</td></tr>
<tr>
<td title='com.policybazaar.qa.testCases.PolicyBazaarUpgradePlanPageTestCase.validatePlanOpton()'><b>validatePlanOpton</b><br>Test class: com.policybazaar.qa.testCases.PolicyBazaarUpgradePlanPageTestCase</td>
<td></td>
<td>167</td>
<td>com.policybazaar.qa.testCases.PolicyBazaarUpgradePlanPageTestCase@50029372</td></tr>
<tr>
<td title='com.policybazaar.qa.testCases.PolicyBazaarCountryDetailPageTestCase.validatePinCode()'><b>validatePinCode</b><br>Test class: com.policybazaar.qa.testCases.PolicyBazaarCountryDetailPageTestCase</td>
<td></td>
<td>135</td>
<td>com.policybazaar.qa.testCases.PolicyBazaarCountryDetailPageTestCase@3e2055d6</td></tr>
<tr>
<td title='com.policybazaar.qa.testCases.PolicyBazaarCountryDetailPageTestCase.validateCity()'><b>validateCity</b><br>Test class: com.policybazaar.qa.testCases.PolicyBazaarCountryDetailPageTestCase</td>
<td></td>
<td>151</td>
<td>com.policybazaar.qa.testCases.PolicyBazaarCountryDetailPageTestCase@3e2055d6</td></tr>
<tr>
<td title='com.policybazaar.qa.testCases.PolicyBazaarYourDetailPageTestCase.validateEduation()'><b>validateEduation</b><br>Test class: com.policybazaar.qa.testCases.PolicyBazaarYourDetailPageTestCase</td>
<td></td>
<td>79</td>
<td>com.policybazaar.qa.testCases.PolicyBazaarYourDetailPageTestCase@18f8cd79</td></tr>
<tr>
<td title='com.policybazaar.qa.testCases.PolicyBazaarUpgradePlanPageTestCase.validateNomineeOpton()'><b>validateNomineeOpton</b><br>Test class: com.policybazaar.qa.testCases.PolicyBazaarUpgradePlanPageTestCase</td>
<td></td>
<td>152</td>
<td>com.policybazaar.qa.testCases.PolicyBazaarUpgradePlanPageTestCase@50029372</td></tr>
<tr>
<td title='com.policybazaar.qa.testCases.PolicyBazaarYourDetailPageTestCase.validateCoverTillAge()'><b>validateCoverTillAge</b><br>Test class: com.policybazaar.qa.testCases.PolicyBazaarYourDetailPageTestCase</td>
<td></td>
<td>122</td>
<td>com.policybazaar.qa.testCases.PolicyBazaarYourDetailPageTestCase@18f8cd79</td></tr>
<tr>
<td title='com.policybazaar.qa.testCases.PolicyBazaarYourDetailPageTestCase.validateOccupation()'><b>validateOccupation</b><br>Test class: com.policybazaar.qa.testCases.PolicyBazaarYourDetailPageTestCase</td>
<td></td>
<td>83</td>
<td>com.policybazaar.qa.testCases.PolicyBazaarYourDetailPageTestCase@18f8cd79</td></tr>
</table><p>
</body>
</html>