<?xml version="1.0" encoding="UTF-8"?>
<!-- Generated by org.testng.reporters.JUnitXMLReporter -->
<testsuite ignored="13" hostname="PBLAP761" failures="3" tests="17" name="Smoke_TestCases" time="2310.279" errors="0" timestamp="2022-01-10T10:28:37 IST">
  <testcase classname="com.policybazaar.qa.testCases.PolicyBazaarYourDetailPageTestCase" name="validateProductPageLogo" time="164.43"/>
  <testcase classname="com.policybazaar.qa.testCases.PolicyBazaarYourDetailPageTestCase" name="validateLifeCoverValue" time="172.401">
    <failure type="org.openqa.selenium.NoSuchElementException" message="no such element: Unable to locate element: {&amp;quot;method&amp;quot;:&amp;quot;xpath&amp;quot;,&amp;quot;selector&amp;quot;:&amp;quot;//select[@name=&amp;apos;tobacco&amp;apos;]&amp;quot;}
  (Session info: chrome=96.0.4664.110)
For documentation on this error, please visit: https://selenium.dev/exceptions/#no_such_element
Build info: version: &amp;apos;4.0.0&amp;apos;, revision: &amp;apos;3a21814679&amp;apos;
System info: host: &amp;apos;PBLAP761&amp;apos;, ip: &amp;apos;192.168.43.12&amp;apos;, os.name: &amp;apos;Windows 10&amp;apos;, os.arch: &amp;apos;amd64&amp;apos;, os.version: &amp;apos;10.0&amp;apos;, java.version: &amp;apos;17&amp;apos;
Driver info: org.openqa.selenium.chrome.ChromeDriver
Command: [adaef42b3fee283b1148e5d511eb15df, findElement {using=xpath, value=//select[@name=&amp;apos;tobacco&amp;apos;]}]
Capabilities {acceptInsecureCerts: false, browserName: chrome, browserVersion: 96.0.4664.110, chrome: {chromedriverVersion: 96.0.4664.45 (76e4c1bb2ab46..., userDataDir: C:\Users\VIKASS~1\AppData\L...}, goog:chromeOptions: {debuggerAddress: localhost:52792}, javascriptEnabled: true, networkConnectionEnabled: false, pageLoadStrategy: normal, platform: WINDOWS, platformName: WINDOWS, proxy: Proxy(), se:cdp: ws://localhost:52792/devtoo..., se:cdpVersion: 96.0.4664.110, setWindowRect: true, strictFileInteractability: false, timeouts: {implicit: 0, pageLoad: 300000, script: 30000}, unhandledPromptBehavior: dismiss and notify, webauthn:extension:credBlob: true, webauthn:extension:largeBlob: true, webauthn:virtualAuthenticators: true}
Session ID: adaef42b3fee283b1148e5d511eb15df">
      <![CDATA[org.openqa.selenium.NoSuchElementException: no such element: Unable to locate element: {"method":"xpath","selector":"//select[@name='tobacco']"}
  (Session info: chrome=96.0.4664.110)
For documentation on this error, please visit: https://selenium.dev/exceptions/#no_such_element
Build info: version: '4.0.0', revision: '3a21814679'
System info: host: 'PBLAP761', ip: '192.168.43.12', os.name: 'Windows 10', os.arch: 'amd64', os.version: '10.0', java.version: '17'
Driver info: org.openqa.selenium.chrome.ChromeDriver
Command: [adaef42b3fee283b1148e5d511eb15df, findElement {using=xpath, value=//select[@name='tobacco']}]
Capabilities {acceptInsecureCerts: false, browserName: chrome, browserVersion: 96.0.4664.110, chrome: {chromedriverVersion: 96.0.4664.45 (76e4c1bb2ab46..., userDataDir: C:\Users\VIKASS~1\AppData\L...}, goog:chromeOptions: {debuggerAddress: localhost:52792}, javascriptEnabled: true, networkConnectionEnabled: false, pageLoadStrategy: normal, platform: WINDOWS, platformName: WINDOWS, proxy: Proxy(), se:cdp: ws://localhost:52792/devtoo..., se:cdpVersion: 96.0.4664.110, setWindowRect: true, strictFileInteractability: false, timeouts: {implicit: 0, pageLoad: 300000, script: 30000}, unhandledPromptBehavior: dismiss and notify, webauthn:extension:credBlob: true, webauthn:extension:largeBlob: true, webauthn:virtualAuthenticators: true}
Session ID: adaef42b3fee283b1148e5d511eb15df
at org.openqa.selenium.remote.codec.w3c.W3CHttpResponseCodec.createException(W3CHttpResponseCodec.java:200)
at org.openqa.selenium.remote.codec.w3c.W3CHttpResponseCodec.decode(W3CHttpResponseCodec.java:133)
at org.openqa.selenium.remote.codec.w3c.W3CHttpResponseCodec.decode(W3CHttpResponseCodec.java:53)
at org.openqa.selenium.remote.HttpCommandExecutor.execute(HttpCommandExecutor.java:184)
at org.openqa.selenium.remote.service.DriverCommandExecutor.invokeExecute(DriverCommandExecutor.java:164)
at org.openqa.selenium.remote.service.DriverCommandExecutor.execute(DriverCommandExecutor.java:139)
at org.openqa.selenium.remote.RemoteWebDriver.execute(RemoteWebDriver.java:559)
at org.openqa.selenium.remote.ElementLocation$ElementFinder$2.findElement(ElementLocation.java:162)
at org.openqa.selenium.remote.ElementLocation.findElement(ElementLocation.java:60)
at org.openqa.selenium.remote.RemoteWebDriver.findElement(RemoteWebDriver.java:383)
at org.openqa.selenium.remote.RemoteWebDriver.findElement(RemoteWebDriver.java:375)
at org.openqa.selenium.support.pagefactory.DefaultElementLocator.findElement(DefaultElementLocator.java:70)
at org.openqa.selenium.support.pagefactory.internal.LocatingElementHandler.invoke(LocatingElementHandler.java:39)
at jdk.proxy2/jdk.proxy2.$Proxy18.isDisplayed(Unknown Source)
at com.policybazaar.qa.webUtil.TestUtil.elementIsDisplayed(TestUtil.java:304)
at com.policybazaar.qa.webUtil.TestUtil.clickOnElement(TestUtil.java:91)
at com.policybazaar.qa.pages.PolicyBazaarQuotesPage.closeWelcomePopUp(PolicyBazaarQuotesPage.java:17)
at com.policybazaar.qa.pages.PolicyBazaarQuotesPage.startJourneyInSBIProduct(PolicyBazaarQuotesPage.java:25)
at com.policybazaar.qa.testCases.PolicyBazaarYourDetailPageTestCase.beforeCurrentTestScript(PolicyBazaarYourDetailPageTestCase.java:25)
at com.policybazaar.qa.testCases.PolicyBazaarYourDetailPageTestCase.validateLifeCoverValue(PolicyBazaarYourDetailPageTestCase.java:38)
at java.base/java.util.ArrayList.forEach(ArrayList.java:1511)
... Removed 32 stack frames]]>
    </failure>
  </testcase> <!-- validateLifeCoverValue -->
  <testcase classname="com.policybazaar.qa.testCases.PolicyBazaarYourDetailPageTestCase" name="validateCoverTillAge" time="122.274"/>
  <testcase classname="com.policybazaar.qa.testCases.PolicyBazaarYourDetailPageTestCase" name="vaidatePayForAge" time="100.074"/>
  <testcase classname="com.policybazaar.qa.testCases.PolicyBazaarYourDetailPageTestCase" name="validateModeOfPremium" time="141.005">
    <failure type="org.openqa.selenium.NoSuchElementException" message="no such element: Unable to locate element: {&amp;quot;method&amp;quot;:&amp;quot;xpath&amp;quot;,&amp;quot;selector&amp;quot;:&amp;quot;//select[@name=&amp;apos;tobacco&amp;apos;]&amp;quot;}
  (Session info: chrome=96.0.4664.110)
For documentation on this error, please visit: https://selenium.dev/exceptions/#no_such_element
Build info: version: &amp;apos;4.0.0&amp;apos;, revision: &amp;apos;3a21814679&amp;apos;
System info: host: &amp;apos;PBLAP761&amp;apos;, ip: &amp;apos;192.168.43.12&amp;apos;, os.name: &amp;apos;Windows 10&amp;apos;, os.arch: &amp;apos;amd64&amp;apos;, os.version: &amp;apos;10.0&amp;apos;, java.version: &amp;apos;17&amp;apos;
Driver info: org.openqa.selenium.chrome.ChromeDriver
Command: [2f0f299856378e21d462af1b78947234, findElement {using=xpath, value=//select[@name=&amp;apos;tobacco&amp;apos;]}]
Capabilities {acceptInsecureCerts: false, browserName: chrome, browserVersion: 96.0.4664.110, chrome: {chromedriverVersion: 96.0.4664.45 (76e4c1bb2ab46..., userDataDir: C:\Users\VIKASS~1\AppData\L...}, goog:chromeOptions: {debuggerAddress: localhost:53723}, javascriptEnabled: true, networkConnectionEnabled: false, pageLoadStrategy: normal, platform: WINDOWS, platformName: WINDOWS, proxy: Proxy(), se:cdp: ws://localhost:53723/devtoo..., se:cdpVersion: 96.0.4664.110, setWindowRect: true, strictFileInteractability: false, timeouts: {implicit: 0, pageLoad: 300000, script: 30000}, unhandledPromptBehavior: dismiss and notify, webauthn:extension:credBlob: true, webauthn:extension:largeBlob: true, webauthn:virtualAuthenticators: true}
Session ID: 2f0f299856378e21d462af1b78947234">
      <![CDATA[org.openqa.selenium.NoSuchElementException: no such element: Unable to locate element: {"method":"xpath","selector":"//select[@name='tobacco']"}
  (Session info: chrome=96.0.4664.110)
For documentation on this error, please visit: https://selenium.dev/exceptions/#no_such_element
Build info: version: '4.0.0', revision: '3a21814679'
System info: host: 'PBLAP761', ip: '192.168.43.12', os.name: 'Windows 10', os.arch: 'amd64', os.version: '10.0', java.version: '17'
Driver info: org.openqa.selenium.chrome.ChromeDriver
Command: [2f0f299856378e21d462af1b78947234, findElement {using=xpath, value=//select[@name='tobacco']}]
Capabilities {acceptInsecureCerts: false, browserName: chrome, browserVersion: 96.0.4664.110, chrome: {chromedriverVersion: 96.0.4664.45 (76e4c1bb2ab46..., userDataDir: C:\Users\VIKASS~1\AppData\L...}, goog:chromeOptions: {debuggerAddress: localhost:53723}, javascriptEnabled: true, networkConnectionEnabled: false, pageLoadStrategy: normal, platform: WINDOWS, platformName: WINDOWS, proxy: Proxy(), se:cdp: ws://localhost:53723/devtoo..., se:cdpVersion: 96.0.4664.110, setWindowRect: true, strictFileInteractability: false, timeouts: {implicit: 0, pageLoad: 300000, script: 30000}, unhandledPromptBehavior: dismiss and notify, webauthn:extension:credBlob: true, webauthn:extension:largeBlob: true, webauthn:virtualAuthenticators: true}
Session ID: 2f0f299856378e21d462af1b78947234
at org.openqa.selenium.remote.codec.w3c.W3CHttpResponseCodec.createException(W3CHttpResponseCodec.java:200)
at org.openqa.selenium.remote.codec.w3c.W3CHttpResponseCodec.decode(W3CHttpResponseCodec.java:133)
at org.openqa.selenium.remote.codec.w3c.W3CHttpResponseCodec.decode(W3CHttpResponseCodec.java:53)
at org.openqa.selenium.remote.HttpCommandExecutor.execute(HttpCommandExecutor.java:184)
at org.openqa.selenium.remote.service.DriverCommandExecutor.invokeExecute(DriverCommandExecutor.java:164)
at org.openqa.selenium.remote.service.DriverCommandExecutor.execute(DriverCommandExecutor.java:139)
at org.openqa.selenium.remote.RemoteWebDriver.execute(RemoteWebDriver.java:559)
at org.openqa.selenium.remote.ElementLocation$ElementFinder$2.findElement(ElementLocation.java:162)
at org.openqa.selenium.remote.ElementLocation.findElement(ElementLocation.java:60)
at org.openqa.selenium.remote.RemoteWebDriver.findElement(RemoteWebDriver.java:383)
at org.openqa.selenium.remote.RemoteWebDriver.findElement(RemoteWebDriver.java:375)
at org.openqa.selenium.support.pagefactory.DefaultElementLocator.findElement(DefaultElementLocator.java:70)
at org.openqa.selenium.support.pagefactory.internal.LocatingElementHandler.invoke(LocatingElementHandler.java:39)
at jdk.proxy2/jdk.proxy2.$Proxy18.isDisplayed(Unknown Source)
at com.policybazaar.qa.webUtil.TestUtil.elementIsDisplayed(TestUtil.java:304)
at com.policybazaar.qa.webUtil.TestUtil.clickOnElement(TestUtil.java:91)
at com.policybazaar.qa.pages.PolicyBazaarQuotesPage.closeWelcomePopUp(PolicyBazaarQuotesPage.java:17)
at com.policybazaar.qa.pages.PolicyBazaarQuotesPage.startJourneyInSBIProduct(PolicyBazaarQuotesPage.java:25)
at com.policybazaar.qa.testCases.PolicyBazaarYourDetailPageTestCase.beforeCurrentTestScript(PolicyBazaarYourDetailPageTestCase.java:25)
at com.policybazaar.qa.testCases.PolicyBazaarYourDetailPageTestCase.validateModeOfPremium(PolicyBazaarYourDetailPageTestCase.java:67)
at java.base/java.util.ArrayList.forEach(ArrayList.java:1511)
... Removed 32 stack frames]]>
    </failure>
  </testcase> <!-- validateModeOfPremium -->
  <testcase classname="com.policybazaar.qa.testCases.PolicyBazaarYourDetailPageTestCase" name="validateFUllName" time="94.752"/>
  <testcase classname="com.policybazaar.qa.testCases.PolicyBazaarYourDetailPageTestCase" name="validateEmail" time="118.529"/>
  <testcase classname="com.policybazaar.qa.testCases.PolicyBazaarYourDetailPageTestCase" name="validateAnnualIncome" time="83.043"/>
  <testcase classname="com.policybazaar.qa.testCases.PolicyBazaarYourDetailPageTestCase" name="validateOccupation" time="83.123"/>
  <testcase classname="com.policybazaar.qa.testCases.PolicyBazaarYourDetailPageTestCase" name="validateEduation" time="79.185"/>
  <testcase classname="com.policybazaar.qa.testCases.PolicyBazaarCountryDetailPageTestCase" name="validatePinCode" time="135.342"/>
  <testcase classname="com.policybazaar.qa.testCases.PolicyBazaarCountryDetailPageTestCase" name="validateCity" time="151.008"/>
  <testcase classname="com.policybazaar.qa.testCases.PolicyBazaarUpgradePlanPageTestCase" name="validatePlanOpton" time="167.621"/>
  <testcase classname="com.policybazaar.qa.testCases.PolicyBazaarUpgradePlanPageTestCase" name="validateNomineeOpton" time="152.37"/>
  <testcase classname="com.policybazaar.qa.testCases.PolicyBazaarUpgradePlanPageTestCase" name="validateCoverTillAgeWithWholeLife" time="132.277"/>
  <testcase classname="com.policybazaar.qa.testCases.PolicyBazaarUpgradePlanPageTestCase" name="validatePremiumWithWholeLife" time="134.153">
    <failure type="java.lang.NullPointerException" message="Cannot invoke &amp;quot;com.policybazaar.qa.pagescommon.PoicyBazaarCommonfunctionalityPage.getActualPremiumAmount()&amp;quot; because &amp;quot;this.pbCommonFuntPage&amp;quot; is null">
      <![CDATA[java.lang.NullPointerException: Cannot invoke "com.policybazaar.qa.pagescommon.PoicyBazaarCommonfunctionalityPage.getActualPremiumAmount()" because "this.pbCommonFuntPage" is null
at com.policybazaar.qa.testCases.PolicyBazaarUpgradePlanPageTestCase.validatePremiumWithWholeLife(PolicyBazaarUpgradePlanPageTestCase.java:89)
at java.base/java.util.ArrayList.forEach(ArrayList.java:1511)
... Removed 27 stack frames]]>
    </failure>
  </testcase> <!-- validatePremiumWithWholeLife -->
  <testcase classname="com.policybazaar.qa.testCases.PolicyBazaarUpgradePlanPageTestCase" name="validateSaveMoneyOption" time="130.167"/>
  <testcase classname="com.policybazaar.qa.testCases.PolicyBazaarQuotesPageTestCase" name="validateClickOnProduct" time="0.0">
    <ignored/>
  </testcase> <!-- validateClickOnProduct -->
  <testcase classname="com.policybazaar.qa.testCases.PolicyBazaarPreQuotesPageTestCase" name="verifyLoginPageWithCredentials" time="0.0">
    <ignored/>
  </testcase> <!-- verifyLoginPageWithCredentials -->
  <testcase classname="com.policybazaar.qa.testCases.PolicyBazaarYourDetailPageTestCase" name="validateDetailPage" time="0.0">
    <ignored/>
  </testcase> <!-- validateDetailPage -->
  <testcase classname="com.policybazaar.qa.base.Test_Base" name="@BeforeSuite beforSuite" time="0.0">
    <ignored/>
  </testcase> <!-- @BeforeSuite beforSuite -->
  <testcase classname="com.policybazaar.qa.base.Test_Base" name="@BeforeSuite beforSuite" time="0.0">
    <ignored/>
  </testcase> <!-- @BeforeSuite beforSuite -->
  <testcase classname="com.policybazaar.qa.base.Test_Base" name="@BeforeSuite beforSuite" time="0.0">
    <ignored/>
  </testcase> <!-- @BeforeSuite beforSuite -->
  <testcase classname="com.policybazaar.qa.base.Test_Base" name="@BeforeSuite beforSuite" time="0.0">
    <ignored/>
  </testcase> <!-- @BeforeSuite beforSuite -->
  <testcase classname="com.policybazaar.qa.testCases.PolicyBazaarUpgradePlanPageTestCase" name="validateUpgradePlanPage" time="0.0">
    <ignored/>
  </testcase> <!-- validateUpgradePlanPage -->
  <testcase classname="com.policybazaar.qa.testCases.PolicyBazaarCountryDetailPageTestCase" name="validateCountryDetail" time="0.0">
    <ignored/>
  </testcase> <!-- validateCountryDetail -->
  <testcase classname="com.policybazaar.qa.base.Test_Base" name="@AfterSuite afterSuite" time="0.0">
    <ignored/>
  </testcase> <!-- @AfterSuite afterSuite -->
  <testcase classname="com.policybazaar.qa.base.Test_Base" name="@AfterSuite afterSuite" time="0.0">
    <ignored/>
  </testcase> <!-- @AfterSuite afterSuite -->
  <testcase classname="com.policybazaar.qa.base.Test_Base" name="@AfterSuite afterSuite" time="0.0">
    <ignored/>
  </testcase> <!-- @AfterSuite afterSuite -->
  <testcase classname="com.policybazaar.qa.base.Test_Base" name="@AfterSuite afterSuite" time="0.0">
    <ignored/>
  </testcase> <!-- @AfterSuite afterSuite -->
</testsuite> <!-- Smoke_TestCases -->
